{
  "stats": {
    "suites": 1,
    "tests": 4,
    "passes": 3,
    "pending": 0,
    "failures": 1,
    "start": "2024-07-30T03:01:49.334Z",
    "end": "2024-07-30T03:01:51.658Z",
    "duration": 2324,
    "testsRegistered": 4,
    "passPercent": 75,
    "pendingPercent": 0,
    "other": 0,
    "hasOther": false,
    "skipped": 0,
    "hasSkipped": false
  },
  "results": [
    {
      "uuid": "2fe1e844-372c-4e88-8bfb-6ad4d8855b36",
      "title": "",
      "fullFile": "cypress\\e2e\\petStore.cy.js",
      "file": "cypress\\e2e\\petStore.cy.js",
      "beforeHooks": [],
      "afterHooks": [],
      "tests": [],
      "suites": [
        {
          "uuid": "81dc899b-3cf5-4378-9517-44b2291ccec0",
          "title": "Automation API Rest Swagger Petstore",
          "fullFile": "",
          "file": "",
          "beforeHooks": [],
          "afterHooks": [],
          "tests": [
            {
              "title": "Crear un usuario",
              "fullTitle": "Automation API Rest Swagger Petstore Crear un usuario",
              "timedOut": null,
              "duration": 1032,
              "state": "passed",
              "speed": "fast",
              "pass": true,
              "fail": false,
              "pending": false,
              "context": null,
              "code": "cy.readFile('data/dataApiPet.json').then(user => {\n  cy.request({\n    url: 'user/',\n    method: 'POST',\n    body: {\n      \"id\": user.datanewuser.id,\n      \"username\": user.datanewuser.username,\n      \"firstName\": user.datanewuser.firstName,\n      \"lastName\": user.datanewuser.lastName,\n      \"email\": user.datanewuser.email,\n      \"password\": user.datanewuser.password,\n      \"phone\": user.datanewuser.phone,\n      \"userStatus\": user.datanewuser.userStatus\n    }\n  }).as('createUser');\n  cy.get('@createUser').its('status').should('equal', 200);\n  cy.get('@createUser').then(response => {\n    expect(response.body.message).to.equal(user.datanewuser.id.toString());\n    expect(response.body.type).to.equal('unknown');\n  });\n});",
              "err": {},
              "uuid": "ebe9c674-f90c-4005-9201-065ecae8264c",
              "parentUUID": "81dc899b-3cf5-4378-9517-44b2291ccec0",
              "isHook": false,
              "skipped": false
            },
            {
              "title": "Buscar usuario",
              "fullTitle": "Automation API Rest Swagger Petstore Buscar usuario",
              "timedOut": null,
              "duration": 508,
              "state": "failed",
              "speed": null,
              "pass": false,
              "fail": true,
              "pending": false,
              "context": null,
              "code": "cy.readFile('data/dataApiPet.json').then(user => {\n  cy.request({\n    url: '/user/user1',\n    method: 'GET'\n  }).as('oldUser');\n  cy.get('@oldUser').its('status').should('equal', 200);\n  cy.get('@oldUser').then(response => {\n    expect(response.body.username).to.equal(user.dataolduser.username.toString());\n    expect(response.body.firstName).to.equal(user.dataolduser.firstName.toString());\n    expect(response.body.password).to.equal(user.dataolduser.pass.toString());\n  });\n});",
              "err": {
                "message": "CypressError: `cy.request()` failed on:\n\nhttps://petstore.swagger.io/v2/user/user1\n\nThe response we received from your web server was:\n\n  > 404: Not Found\n\nThis was considered a failure because the status code was not `2xx` or `3xx`.\n\nIf you do not want status codes to cause failures pass the option: `failOnStatusCode: false`\n\n-----------------------------------------------------------\n\nThe request we sent was:\n\nMethod: GET\nURL: https://petstore.swagger.io/v2/user/user1\nHeaders: {\n  \"Connection\": \"keep-alive\",\n  \"user-agent\": \"Mozilla/5.0 (Windows NT 10.0; Win64; x64) AppleWebKit/537.36 (KHTML, like Gecko) Cypress/13.13.1 Chrome/118.0.5993.159 Electron/27.3.10 Safari/537.36\",\n  \"accept\": \"*/*\",\n  \"accept-encoding\": \"gzip, deflate\"\n}\n\n-----------------------------------------------------------\n\nThe response we got was:\n\nStatus: 404 - Not Found\nHeaders: {\n  \"date\": \"Tue, 30 Jul 2024 03:01:50 GMT\",\n  \"content-type\": \"application/json\",\n  \"transfer-encoding\": \"chunked\",\n  \"connection\": \"keep-alive\",\n  \"access-control-allow-origin\": \"*\",\n  \"access-control-allow-methods\": \"GET, POST, DELETE, PUT\",\n  \"access-control-allow-headers\": \"Content-Type, api_key, Authorization\",\n  \"server\": \"Jetty(9.2.9.v20150224)\"\n}\nBody: {\n  \"code\": 1,\n  \"type\": \"error\",\n  \"message\": \"User not found\"\n}\n\n\nhttps://on.cypress.io/request",
                "estack": "CypressError: `cy.request()` failed on:\n\nhttps://petstore.swagger.io/v2/user/user1\n\nThe response we received from your web server was:\n\n  > 404: Not Found\n\nThis was considered a failure because the status code was not `2xx` or `3xx`.\n\nIf you do not want status codes to cause failures pass the option: `failOnStatusCode: false`\n\n-----------------------------------------------------------\n\nThe request we sent was:\n\nMethod: GET\nURL: https://petstore.swagger.io/v2/user/user1\nHeaders: {\n  \"Connection\": \"keep-alive\",\n  \"user-agent\": \"Mozilla/5.0 (Windows NT 10.0; Win64; x64) AppleWebKit/537.36 (KHTML, like Gecko) Cypress/13.13.1 Chrome/118.0.5993.159 Electron/27.3.10 Safari/537.36\",\n  \"accept\": \"*/*\",\n  \"accept-encoding\": \"gzip, deflate\"\n}\n\n-----------------------------------------------------------\n\nThe response we got was:\n\nStatus: 404 - Not Found\nHeaders: {\n  \"date\": \"Tue, 30 Jul 2024 03:01:50 GMT\",\n  \"content-type\": \"application/json\",\n  \"transfer-encoding\": \"chunked\",\n  \"connection\": \"keep-alive\",\n  \"access-control-allow-origin\": \"*\",\n  \"access-control-allow-methods\": \"GET, POST, DELETE, PUT\",\n  \"access-control-allow-headers\": \"Content-Type, api_key, Authorization\",\n  \"server\": \"Jetty(9.2.9.v20150224)\"\n}\nBody: {\n  \"code\": 1,\n  \"type\": \"error\",\n  \"message\": \"User not found\"\n}\n\n\nhttps://on.cypress.io/request\n    at <unknown> (https://petstore.swagger.io/__cypress/runner/cypress_runner.js:133185:72)\n    at tryCatcher (https://petstore.swagger.io/__cypress/runner/cypress_runner.js:1807:23)\n    at Promise._settlePromiseFromHandler (https://petstore.swagger.io/__cypress/runner/cypress_runner.js:1519:31)\n    at Promise._settlePromise (https://petstore.swagger.io/__cypress/runner/cypress_runner.js:1576:18)\n    at Promise._settlePromise0 (https://petstore.swagger.io/__cypress/runner/cypress_runner.js:1621:10)\n    at Promise._settlePromises (https://petstore.swagger.io/__cypress/runner/cypress_runner.js:1701:18)\n    at _drainQueueStep (https://petstore.swagger.io/__cypress/runner/cypress_runner.js:2407:12)\n    at _drainQueue (https://petstore.swagger.io/__cypress/runner/cypress_runner.js:2400:9)\n    at Async._drainQueues (https://petstore.swagger.io/__cypress/runner/cypress_runner.js:2416:5)\n    at Async.drainQueues (https://petstore.swagger.io/__cypress/runner/cypress_runner.js:2286:14)\nFrom Your Spec Code:\n    at Context.eval (webpack:///./cypress/e2e/petStore.cy.js:29:15)",
                "diff": null
              },
              "uuid": "b18183c8-e22d-4776-b8db-ad3c736d7148",
              "parentUUID": "81dc899b-3cf5-4378-9517-44b2291ccec0",
              "isHook": false,
              "skipped": false
            },
            {
              "title": "Actualizar un usuario",
              "fullTitle": "Automation API Rest Swagger Petstore Actualizar un usuario",
              "timedOut": null,
              "duration": 182,
              "state": "passed",
              "speed": "fast",
              "pass": true,
              "fail": false,
              "pending": false,
              "context": null,
              "code": "cy.readFile('data/dataApiPet.json').then(user => {\n  cy.request({\n    url: '/user/Millo',\n    method: 'PUT',\n    body: {\n      \"id\": 0,\n      \"username\": \"\",\n      \"firstName\": user.dataupdateuser.firstName,\n      \"lastName\": \"\",\n      \"email\": user.dataupdateuser.email,\n      \"password\": \"\",\n      \"phone\": \"\",\n      \"userStatus\": 0\n    }\n  }).as('updateUser');\n  cy.get('@updateUser').its('status').should('equal', 200);\n  cy.get('@updateUser').then(response => {\n    expect(response.body.type).to.equal(\"unknown\");\n  });\n});",
              "err": {},
              "uuid": "714855e0-d6c8-4c79-92ab-18032d3449e8",
              "parentUUID": "81dc899b-3cf5-4378-9517-44b2291ccec0",
              "isHook": false,
              "skipped": false
            },
            {
              "title": "Eliminar un usuario",
              "fullTitle": "Automation API Rest Swagger Petstore Eliminar un usuario",
              "timedOut": null,
              "duration": 309,
              "state": "passed",
              "speed": "fast",
              "pass": true,
              "fail": false,
              "pending": false,
              "context": null,
              "code": "cy.readFile('data/dataApiPet.json').then(user => {\n  cy.request({\n    url: '/user/Millo',\n    method: 'DELETE'\n  }).as('deleteUser');\n  cy.get('@deleteUser').its('status').should('equal', 200);\n  cy.get('@deleteUser').then(response => {\n    expect(response.body.message).to.equal(user.datadeleteuser.username);\n    expect(response.body.type).to.equal('unknown');\n  });\n});",
              "err": {},
              "uuid": "eaff11ca-dcca-4c89-8300-07cab99772ca",
              "parentUUID": "81dc899b-3cf5-4378-9517-44b2291ccec0",
              "isHook": false,
              "skipped": false
            }
          ],
          "suites": [],
          "passes": [
            "ebe9c674-f90c-4005-9201-065ecae8264c",
            "714855e0-d6c8-4c79-92ab-18032d3449e8",
            "eaff11ca-dcca-4c89-8300-07cab99772ca"
          ],
          "failures": [
            "b18183c8-e22d-4776-b8db-ad3c736d7148"
          ],
          "pending": [],
          "skipped": [],
          "duration": 2031,
          "root": false,
          "rootEmpty": false,
          "_timeout": 2000
        }
      ],
      "passes": [],
      "failures": [],
      "pending": [],
      "skipped": [],
      "duration": 0,
      "root": true,
      "rootEmpty": true,
      "_timeout": 2000
    }
  ],
  "meta": {
    "mocha": {
      "version": "7.0.1"
    },
    "mochawesome": {
      "options": {
        "quiet": false,
        "reportFilename": "mochawesome",
        "saveHtml": true,
        "saveJson": true,
        "consoleReporter": "spec",
        "useInlineDiffs": false,
        "code": true
      },
      "version": "7.1.3"
    },
    "marge": {
      "options": null,
      "version": "6.2.0"
    }
  }
}